<?xml version="1.0" encoding="UTF-8"?>
<testng-results skipped="0" failed="0" ignored="0" total="1" passed="1">
  <reporter-output>
  </reporter-output>
  <suite name="helloworld_nilo.TestHelloWorld" duration-ms="52" started-at="2021-02-28T02:00:26 EST" finished-at="2021-02-28T02:00:26 EST">
    <groups>
    </groups>
    <test name="Command line test" duration-ms="52" started-at="2021-02-28T02:00:26 EST" finished-at="2021-02-28T02:00:26 EST">
      <class name="helloworld_nilo.TestHelloWorld">
        <test-method status="PASS" signature="testHelloWorld()[pri:0, instance:helloworld_nilo.TestHelloWorld@475530b9]" name="testHelloWorld" duration-ms="6" started-at="2021-02-28T02:00:26 EST" finished-at="2021-02-28T02:00:26 EST">
          <reporter-output>
          </reporter-output>
        </test-method> <!-- testHelloWorld -->
      </class> <!-- helloworld_nilo.TestHelloWorld -->
    </test> <!-- Command line test -->
  </suite> <!-- helloworld_nilo.TestHelloWorld -->
</testng-results>
